This file contains any messages produced by compilers while
running configure, to aid debugging if configure makes a mistake.

It was created by configure, which was
generated by GNU Autoconf 2.59.  Invocation command line was

  $ ./configure --enable-maintainer-mode --enable-compile-warnings

## --------- ##
## Platform. ##
## --------- ##

hostname = maquinorro
uname -m = i686
uname -r = 2.6.10-5-686
uname -s = Linux
uname -v = #1 Tue Jun 7 09:00:32 UTC 2005

/usr/bin/uname -p = unknown
/bin/uname -X     = unknown

/bin/arch              = i686
/usr/bin/arch -k       = unknown
/usr/convex/getsysinfo = unknown
hostinfo               = unknown
/bin/machine           = unknown
/usr/bin/oslevel       = unknown
/bin/universe          = unknown

PATH: /usr/local/bin
PATH: /usr/local/sbin
PATH: /sbin
PATH: /usr/sbin
PATH: /bin
PATH: /usr/bin
PATH: /usr/bin/X11
PATH: /usr/games


## ----------- ##
## Core tests. ##
## ----------- ##

configure:1537: checking for a BSD-compatible install
configure:1592: result: /usr/bin/install -c
configure:1603: checking whether build environment is sane
configure:1646: result: yes
configure:1661: checking whether make sets $(MAKE)
configure:1681: result: yes
configure:1713: checking for working aclocal-1.4
configure:1720: result: found
configure:1728: checking for working autoconf
configure:1735: result: found
configure:1743: checking for working automake-1.4
configure:1750: result: found
configure:1758: checking for working autoheader
configure:1765: result: found
configure:1773: checking for working makeinfo
configure:1780: result: found
configure:1841: checking for gcc
configure:1857: found /usr/bin/gcc
configure:1867: result: gcc
configure:2111: checking for C compiler version
configure:2114: gcc --version </dev/null >&5
gcc (GCC) 3.3.5 (Debian 1:3.3.5-8ubuntu2)
Copyright (C) 2003 Free Software Foundation, Inc.
This is free software; see the source for copying conditions.  There is NO
warranty; not even for MERCHANTABILITY or FITNESS FOR A PARTICULAR PURPOSE.

configure:2117: $? = 0
configure:2119: gcc -v </dev/null >&5
Reading specs from /usr/lib/gcc-lib/i486-linux/3.3.5/specs
Configured with: ../src/configure -v --enable-languages=c,c++,java,f77,pascal,objc,ada,treelang --prefix=/usr --mandir=/usr/share/man --infodir=/usr/share/info --with-gxx-include-dir=/usr/include/c++/3.3 --enable-shared --with-system-zlib --enable-nls --without-included-gettext --enable-__cxa_atexit --enable-clocale=gnu --enable-debug --enable-java-gc=boehm --enable-java-awt=xlib --enable-objc-gc i486-linux
Thread model: posix
gcc version 3.3.5 (Debian 1:3.3.5-8ubuntu2)
configure:2122: $? = 0
configure:2124: gcc -V </dev/null >&5
gcc: `-V' option must have argument
configure:2127: $? = 1
configure:2150: checking for C compiler default output file name
configure:2153: gcc    conftest.c  >&5
configure:2156: $? = 0
configure:2202: result: a.out
configure:2207: checking whether the C compiler works
configure:2213: ./a.out
configure:2216: $? = 0
configure:2233: result: yes
configure:2240: checking whether we are cross compiling
configure:2242: result: no
configure:2245: checking for suffix of executables
configure:2247: gcc -o conftest    conftest.c  >&5
configure:2250: $? = 0
configure:2275: result: 
configure:2281: checking for suffix of object files
configure:2302: gcc -c   conftest.c >&5
configure:2305: $? = 0
configure:2327: result: o
configure:2331: checking whether we are using the GNU C compiler
configure:2355: gcc -c   conftest.c >&5
configure:2361: $? = 0
configure:2364: test -z 			 || test ! -s conftest.err
configure:2367: $? = 0
configure:2370: test -s conftest.o
configure:2373: $? = 0
configure:2386: result: yes
configure:2392: checking whether gcc accepts -g
configure:2413: gcc -c -g  conftest.c >&5
configure:2419: $? = 0
configure:2422: test -z 			 || test ! -s conftest.err
configure:2425: $? = 0
configure:2428: test -s conftest.o
configure:2431: $? = 0
configure:2442: result: yes
configure:2459: checking for gcc option to accept ANSI C
configure:2529: gcc  -c -g -O2  conftest.c >&5
configure:2535: $? = 0
configure:2538: test -z 			 || test ! -s conftest.err
configure:2541: $? = 0
configure:2544: test -s conftest.o
configure:2547: $? = 0
configure:2565: result: none needed
configure:2583: gcc -c -g -O2  conftest.c >&5
conftest.c:2: error: syntax error before "me"
configure:2589: $? = 1
configure: failed program was:
| #ifndef __cplusplus
|   choke me
| #endif
configure:2721: checking for strerror in -lcposix
configure:2751: gcc -o conftest -g -O2   conftest.c -lcposix   >&5
/usr/bin/ld: cannot find -lcposix
collect2: ld returned 1 exit status
configure:2757: $? = 1
configure: failed program was:
| /* confdefs.h.  */
| 
| #define PACKAGE_NAME ""
| #define PACKAGE_TARNAME ""
| #define PACKAGE_VERSION ""
| #define PACKAGE_STRING ""
| #define PACKAGE_BUGREPORT ""
| #define PACKAGE "gtk-debtools"
| #define VERSION "0.0"
| /* end confdefs.h.  */
| 
| /* Override any gcc2 internal prototype to avoid an error.  */
| #ifdef __cplusplus
| extern "C"
| #endif
| /* We use char because int might match the return type of a gcc2
|    builtin and then its argument prototype would still apply.  */
| char strerror ();
| int
| main ()
| {
| strerror ();
|   ;
|   return 0;
| }
configure:2782: result: no
configure:2840: checking for gcc
configure:2866: result: gcc
configure:3110: checking for C compiler version
configure:3113: gcc --version </dev/null >&5
gcc (GCC) 3.3.5 (Debian 1:3.3.5-8ubuntu2)
Copyright (C) 2003 Free Software Foundation, Inc.
This is free software; see the source for copying conditions.  There is NO
warranty; not even for MERCHANTABILITY or FITNESS FOR A PARTICULAR PURPOSE.

configure:3116: $? = 0
configure:3118: gcc -v </dev/null >&5
Reading specs from /usr/lib/gcc-lib/i486-linux/3.3.5/specs
Configured with: ../src/configure -v --enable-languages=c,c++,java,f77,pascal,objc,ada,treelang --prefix=/usr --mandir=/usr/share/man --infodir=/usr/share/info --with-gxx-include-dir=/usr/include/c++/3.3 --enable-shared --with-system-zlib --enable-nls --without-included-gettext --enable-__cxa_atexit --enable-clocale=gnu --enable-debug --enable-java-gc=boehm --enable-java-awt=xlib --enable-objc-gc i486-linux
Thread model: posix
gcc version 3.3.5 (Debian 1:3.3.5-8ubuntu2)
configure:3121: $? = 0
configure:3123: gcc -V </dev/null >&5
gcc: `-V' option must have argument
configure:3126: $? = 1
configure:3129: checking whether we are using the GNU C compiler
configure:3184: result: yes
configure:3190: checking whether gcc accepts -g
configure:3240: result: yes
configure:3257: checking for gcc option to accept ANSI C
configure:3363: result: none needed
configure:3381: gcc -c   conftest.c >&5
conftest.c:2: error: syntax error before "me"
configure:3387: $? = 1
configure: failed program was:
| #ifndef __cplusplus
|   choke me
| #endif
configure:3569: checking for g++
configure:3585: found /usr/bin/g++
configure:3595: result: g++
configure:3611: checking for C++ compiler version
configure:3614: g++ --version </dev/null >&5
g++ (GCC) 3.3.5 (Debian 1:3.3.5-8ubuntu2)
Copyright (C) 2003 Free Software Foundation, Inc.
This is free software; see the source for copying conditions.  There is NO
warranty; not even for MERCHANTABILITY or FITNESS FOR A PARTICULAR PURPOSE.

configure:3617: $? = 0
configure:3619: g++ -v </dev/null >&5
Reading specs from /usr/lib/gcc-lib/i486-linux/3.3.5/specs
Configured with: ../src/configure -v --enable-languages=c,c++,java,f77,pascal,objc,ada,treelang --prefix=/usr --mandir=/usr/share/man --infodir=/usr/share/info --with-gxx-include-dir=/usr/include/c++/3.3 --enable-shared --with-system-zlib --enable-nls --without-included-gettext --enable-__cxa_atexit --enable-clocale=gnu --enable-debug --enable-java-gc=boehm --enable-java-awt=xlib --enable-objc-gc i486-linux
Thread model: posix
gcc version 3.3.5 (Debian 1:3.3.5-8ubuntu2)
configure:3622: $? = 0
configure:3624: g++ -V </dev/null >&5
g++: `-V' option must have argument
configure:3627: $? = 1
configure:3630: checking whether we are using the GNU C++ compiler
configure:3654: g++ -c   conftest.cc >&5
configure:3660: $? = 0
configure:3663: test -z 			 || test ! -s conftest.err
configure:3666: $? = 0
configure:3669: test -s conftest.o
configure:3672: $? = 0
configure:3685: result: yes
configure:3691: checking whether g++ accepts -g
configure:3712: g++ -c -g  conftest.cc >&5
configure:3718: $? = 0
configure:3721: test -z 			 || test ! -s conftest.err
configure:3724: $? = 0
configure:3727: test -s conftest.o
configure:3730: $? = 0
configure:3741: result: yes
configure:3783: g++ -c   conftest.cc >&5
configure:3789: $? = 0
configure:3792: test -z 			 || test ! -s conftest.err
configure:3795: $? = 0
configure:3798: test -s conftest.o
configure:3801: $? = 0
configure:3827: g++ -c   conftest.cc >&5
conftest.cc: In function `int main()':
conftest.cc:15: error: `exit' undeclared (first use this function)
conftest.cc:15: error: (Each undeclared identifier is reported only once for 
   each function it appears in.)
configure:3833: $? = 1
configure: failed program was:
| /* confdefs.h.  */
| 
| #define PACKAGE_NAME ""
| #define PACKAGE_TARNAME ""
| #define PACKAGE_VERSION ""
| #define PACKAGE_STRING ""
| #define PACKAGE_BUGREPORT ""
| #define PACKAGE "gtk-debtools"
| #define VERSION "0.0"
| /* end confdefs.h.  */
| 
| int
| main ()
| {
| exit (42);
|   ;
|   return 0;
| }
configure:3783: g++ -c   conftest.cc >&5
configure:3789: $? = 0
configure:3792: test -z 			 || test ! -s conftest.err
configure:3795: $? = 0
configure:3798: test -s conftest.o
configure:3801: $? = 0
configure:3827: g++ -c   conftest.cc >&5
configure:3833: $? = 0
configure:3836: test -z 			 || test ! -s conftest.err
configure:3839: $? = 0
configure:3842: test -s conftest.o
configure:3845: $? = 0
configure:3871: checking for gcc option to accept ANSI C
configure:3933: gcc  -c   conftest.c >&5
configure:3939: $? = 0
configure:3942: test -z 			 || test ! -s conftest.err
configure:3945: $? = 0
configure:3948: test -s conftest.o
configure:3951: $? = 0
configure:3966: result: none needed
configure:3982: checking how to run the C preprocessor
configure:4017: gcc -E  conftest.c
configure:4023: $? = 0
configure:4055: gcc -E  conftest.c
conftest.c:14:28: ac_nonexistent.h: No such file or directory
configure:4061: $? = 1
configure: failed program was:
| /* confdefs.h.  */
| 
| #define PACKAGE_NAME ""
| #define PACKAGE_TARNAME ""
| #define PACKAGE_VERSION ""
| #define PACKAGE_STRING ""
| #define PACKAGE_BUGREPORT ""
| #define PACKAGE "gtk-debtools"
| #define VERSION "0.0"
| #ifdef __cplusplus
| extern "C" void std::exit (int) throw (); using std::exit;
| #endif
| /* end confdefs.h.  */
| #include <ac_nonexistent.h>
configure:4100: result: gcc -E
configure:4124: gcc -E  conftest.c
configure:4130: $? = 0
configure:4162: gcc -E  conftest.c
conftest.c:14:28: ac_nonexistent.h: No such file or directory
configure:4168: $? = 1
configure: failed program was:
| /* confdefs.h.  */
| 
| #define PACKAGE_NAME ""
| #define PACKAGE_TARNAME ""
| #define PACKAGE_VERSION ""
| #define PACKAGE_STRING ""
| #define PACKAGE_BUGREPORT ""
| #define PACKAGE "gtk-debtools"
| #define VERSION "0.0"
| #ifdef __cplusplus
| extern "C" void std::exit (int) throw (); using std::exit;
| #endif
| /* end confdefs.h.  */
| #include <ac_nonexistent.h>
configure:4212: checking for egrep
configure:4222: result: grep -E
configure:4227: checking for ANSI C header files
configure:4252: gcc -c   conftest.c >&5
configure:4258: $? = 0
configure:4261: test -z 			 || test ! -s conftest.err
configure:4264: $? = 0
configure:4267: test -s conftest.o
configure:4270: $? = 0
configure:4359: gcc -o conftest    conftest.c  >&5
configure:4362: $? = 0
configure:4364: ./conftest
configure:4367: $? = 0
configure:4382: result: yes
configure:4470: checking build system type
configure:4488: result: i686-pc-linux-gnu
configure:4496: checking host system type
configure:4510: result: i686-pc-linux-gnu
configure:4518: checking for a sed that does not truncate output
configure:4572: result: /bin/sed
configure:4586: checking for ld used by gcc
configure:4653: result: /usr/bin/ld
configure:4662: checking if the linker (/usr/bin/ld) is GNU ld
configure:4677: result: yes
configure:4682: checking for /usr/bin/ld option to reload object files
configure:4689: result: -r
configure:4698: checking for BSD-compatible nm
configure:4740: result: /usr/bin/nm -B
configure:4744: checking whether ln -s works
configure:4748: result: yes
configure:4755: checking how to recognise dependent libraries
configure:4929: result: pass_all
configure:5150: checking for sys/types.h
configure:5166: gcc -c   conftest.c >&5
configure:5172: $? = 0
configure:5175: test -z 			 || test ! -s conftest.err
configure:5178: $? = 0
configure:5181: test -s conftest.o
configure:5184: $? = 0
configure:5195: result: yes
configure:5150: checking for sys/stat.h
configure:5166: gcc -c   conftest.c >&5
configure:5172: $? = 0
configure:5175: test -z 			 || test ! -s conftest.err
configure:5178: $? = 0
configure:5181: test -s conftest.o
configure:5184: $? = 0
configure:5195: result: yes
configure:5150: checking for stdlib.h
configure:5166: gcc -c   conftest.c >&5
configure:5172: $? = 0
configure:5175: test -z 			 || test ! -s conftest.err
configure:5178: $? = 0
configure:5181: test -s conftest.o
configure:5184: $? = 0
configure:5195: result: yes
configure:5150: checking for string.h
configure:5166: gcc -c   conftest.c >&5
configure:5172: $? = 0
configure:5175: test -z 			 || test ! -s conftest.err
configure:5178: $? = 0
configure:5181: test -s conftest.o
configure:5184: $? = 0
configure:5195: result: yes
configure:5150: checking for memory.h
configure:5166: gcc -c   conftest.c >&5
configure:5172: $? = 0
configure:5175: test -z 			 || test ! -s conftest.err
configure:5178: $? = 0
configure:5181: test -s conftest.o
configure:5184: $? = 0
configure:5195: result: yes
configure:5150: checking for strings.h
configure:5166: gcc -c   conftest.c >&5
configure:5172: $? = 0
configure:5175: test -z 			 || test ! -s conftest.err
configure:5178: $? = 0
configure:5181: test -s conftest.o
configure:5184: $? = 0
configure:5195: result: yes
configure:5150: checking for inttypes.h
configure:5166: gcc -c   conftest.c >&5
configure:5172: $? = 0
configure:5175: test -z 			 || test ! -s conftest.err
configure:5178: $? = 0
configure:5181: test -s conftest.o
configure:5184: $? = 0
configure:5195: result: yes
configure:5150: checking for stdint.h
configure:5166: gcc -c   conftest.c >&5
configure:5172: $? = 0
configure:5175: test -z 			 || test ! -s conftest.err
configure:5178: $? = 0
configure:5181: test -s conftest.o
configure:5184: $? = 0
configure:5195: result: yes
configure:5150: checking for unistd.h
configure:5166: gcc -c   conftest.c >&5
configure:5172: $? = 0
configure:5175: test -z 			 || test ! -s conftest.err
configure:5178: $? = 0
configure:5181: test -s conftest.o
configure:5184: $? = 0
configure:5195: result: yes
configure:5221: checking dlfcn.h usability
configure:5233: gcc -c   conftest.c >&5
configure:5239: $? = 0
configure:5242: test -z 			 || test ! -s conftest.err
configure:5245: $? = 0
configure:5248: test -s conftest.o
configure:5251: $? = 0
configure:5261: result: yes
configure:5265: checking dlfcn.h presence
configure:5275: gcc -E  conftest.c
configure:5281: $? = 0
configure:5301: result: yes
configure:5336: checking for dlfcn.h
configure:5343: result: yes
configure:5361: checking how to run the C++ preprocessor
configure:5392: g++ -E  conftest.cc
configure:5398: $? = 0
configure:5430: g++ -E  conftest.cc
conftest.cc:25:28: ac_nonexistent.h: No such file or directory
configure:5436: $? = 1
configure: failed program was:
| /* confdefs.h.  */
| 
| #define PACKAGE_NAME ""
| #define PACKAGE_TARNAME ""
| #define PACKAGE_VERSION ""
| #define PACKAGE_STRING ""
| #define PACKAGE_BUGREPORT ""
| #define PACKAGE "gtk-debtools"
| #define VERSION "0.0"
| #ifdef __cplusplus
| extern "C" void std::exit (int) throw (); using std::exit;
| #endif
| #define STDC_HEADERS 1
| #define HAVE_SYS_TYPES_H 1
| #define HAVE_SYS_STAT_H 1
| #define HAVE_STDLIB_H 1
| #define HAVE_STRING_H 1
| #define HAVE_MEMORY_H 1
| #define HAVE_STRINGS_H 1
| #define HAVE_INTTYPES_H 1
| #define HAVE_STDINT_H 1
| #define HAVE_UNISTD_H 1
| #define HAVE_DLFCN_H 1
| /* end confdefs.h.  */
| #include <ac_nonexistent.h>
configure:5475: result: g++ -E
configure:5499: g++ -E  conftest.cc
configure:5505: $? = 0
configure:5537: g++ -E  conftest.cc
conftest.cc:25:28: ac_nonexistent.h: No such file or directory
configure:5543: $? = 1
configure: failed program was:
| /* confdefs.h.  */
| 
| #define PACKAGE_NAME ""
| #define PACKAGE_TARNAME ""
| #define PACKAGE_VERSION ""
| #define PACKAGE_STRING ""
| #define PACKAGE_BUGREPORT ""
| #define PACKAGE "gtk-debtools"
| #define VERSION "0.0"
| #ifdef __cplusplus
| extern "C" void std::exit (int) throw (); using std::exit;
| #endif
| #define STDC_HEADERS 1
| #define HAVE_SYS_TYPES_H 1
| #define HAVE_SYS_STAT_H 1
| #define HAVE_STDLIB_H 1
| #define HAVE_STRING_H 1
| #define HAVE_MEMORY_H 1
| #define HAVE_STRINGS_H 1
| #define HAVE_INTTYPES_H 1
| #define HAVE_STDINT_H 1
| #define HAVE_UNISTD_H 1
| #define HAVE_DLFCN_H 1
| /* end confdefs.h.  */
| #include <ac_nonexistent.h>
configure:5638: checking for g77
configure:5667: result: no
configure:5638: checking for f77
configure:5667: result: no
configure:5638: checking for xlf
configure:5667: result: no
configure:5638: checking for frt
configure:5667: result: no
configure:5638: checking for pgf77
configure:5667: result: no
configure:5638: checking for fort77
configure:5667: result: no
configure:5638: checking for fl32
configure:5667: result: no
configure:5638: checking for af77
configure:5667: result: no
configure:5638: checking for f90
configure:5667: result: no
configure:5638: checking for xlf90
configure:5667: result: no
configure:5638: checking for pgf90
configure:5667: result: no
configure:5638: checking for epcf90
configure:5667: result: no
configure:5638: checking for f95
configure:5667: result: no
configure:5638: checking for fort
configure:5667: result: no
configure:5638: checking for xlf95
configure:5667: result: no
configure:5638: checking for ifc
configure:5667: result: no
configure:5638: checking for efc
configure:5667: result: no
configure:5638: checking for pgf95
configure:5667: result: no
configure:5638: checking for lf95
configure:5667: result: no
configure:5638: checking for gfortran
configure:5667: result: no
configure:5679: checking for Fortran 77 compiler version
configure:5682:  --version </dev/null >&5
./configure: line 5683: --version: command not found
configure:5685: $? = 127
configure:5687:  -v </dev/null >&5
./configure: line 5688: -v: command not found
configure:5690: $? = 127
configure:5692:  -V </dev/null >&5
./configure: line 5693: -V: command not found
configure:5695: $? = 127
configure:5703: checking whether we are using the GNU Fortran 77 compiler
configure:5717:  -c  conftest.F >&5
./configure: line 5718: -c: command not found
configure:5723: $? = 127
configure: failed program was:
|       program main
| #ifndef __GNUC__
|        choke me
| #endif
| 
|       end
configure:5748: result: no
configure:5754: checking whether  accepts -g
configure:5766:  -c -g conftest.f >&5
./configure: line 5767: -c: command not found
configure:5772: $? = 127
configure: failed program was:
|       program main
| 
|       end
configure:5796: result: no
configure:5826: checking the maximum length of command line arguments
configure:5891: result: 32768
configure:5902: checking command to parse /usr/bin/nm -B output from gcc object
configure:5991: gcc -c   conftest.c >&5
configure:5994: $? = 0
configure:5998: /usr/bin/nm -B conftest.o \| sed -n -e 's/^.*[ 	]\([ABCDGIRSTW][ABCDGIRSTW]*\)[ 	][ 	]*\(\)\([_A-Za-z][_A-Za-z0-9]*\)$/\1 \2\3 \3/p' \> conftest.nm
configure:6001: $? = 0
configure:6053: gcc -o conftest    conftest.c conftstm.o >&5
configure:6056: $? = 0
configure:6094: result: ok
configure:6098: checking for objdir
configure:6113: result: .libs
configure:6203: checking for ar
configure:6219: found /usr/bin/ar
configure:6230: result: ar
configure:6283: checking for ranlib
configure:6299: found /usr/bin/ranlib
configure:6310: result: ranlib
configure:6363: checking for strip
configure:6379: found /usr/bin/strip
configure:6390: result: strip
configure:6652: checking if gcc static flag  works
configure:6675: result: yes
configure:6693: checking if gcc supports -fno-rtti -fno-exceptions
configure:6711: gcc -c   -fno-rtti -fno-exceptions conftest.c >&5
cc1: warning: "-fno-rtti" is valid for C++ but not for C/ObjC
configure:6715: $? = 0
configure:6726: result: no
configure:6741: checking for gcc option to produce PIC
configure:6918: result: -fPIC
configure:6926: checking if gcc PIC flag -fPIC works
configure:6944: gcc -c   -fPIC -DPIC conftest.c >&5
configure:6948: $? = 0
configure:6959: result: yes
configure:6983: checking if gcc supports -c -o file.o
configure:7004: gcc -c   -o out/conftest2.o conftest.c >&5
configure:7008: $? = 0
configure:7028: result: yes
configure:7054: checking whether the gcc linker (/usr/bin/ld) supports shared libraries
configure:7901: result: yes
configure:7927: checking whether -lc should be explicitly linked in
configure:7932: gcc -c   conftest.c >&5
configure:7935: $? = 0
configure:7949: gcc -shared conftest.o  -v -Wl,-soname -Wl,conftest -o conftest 2\>\&1 \| grep  -lc  \>/dev/null 2\>\&1
configure:7952: $? = 0
configure:7964: result: no
configure:7972: checking dynamic linker characteristics
configure:8524: result: GNU/Linux ld.so
configure:8528: checking how to hardcode library paths into programs
configure:8553: result: immediate
configure:8567: checking whether stripping libraries is possible
configure:8572: result: yes
configure:9395: checking if libtool supports shared libraries
configure:9397: result: yes
configure:9400: checking whether to build shared libraries
configure:9458: result: yes
configure:9461: checking whether to build static libraries
configure:9465: result: yes
configure:9557: creating libtool
configure:10104: checking for ld used by g++
configure:10171: result: /usr/bin/ld
configure:10180: checking if the linker (/usr/bin/ld) is GNU ld
configure:10195: result: yes
configure:10246: checking whether the g++ linker (/usr/bin/ld) supports shared libraries
configure:11072: result: yes
configure:11090: g++ -c   conftest.cc >&5
configure:11093: $? = 0
configure:11189: checking for g++ option to produce PIC
configure:11441: result: -fPIC
configure:11449: checking if g++ PIC flag -fPIC works
configure:11467: g++ -c   -fPIC -DPIC conftest.cc >&5
configure:11471: $? = 0
configure:11482: result: yes
configure:11506: checking if g++ supports -c -o file.o
configure:11527: g++ -c   -o out/conftest2.o conftest.cc >&5
configure:11531: $? = 0
configure:11551: result: yes
configure:11577: checking whether the g++ linker (/usr/bin/ld) supports shared libraries
configure:11605: result: yes
configure:11676: checking dynamic linker characteristics
configure:12228: result: GNU/Linux ld.so
configure:12232: checking how to hardcode library paths into programs
configure:12257: result: immediate
configure:12271: checking whether stripping libraries is possible
configure:12276: result: yes
configure:19525: checking for pkg-config
configure:19543: found /usr/bin/pkg-config
configure:19556: result: /usr/bin/pkg-config
configure:19573: checking for libgnomeui-2.0 gtk+-2.0 libglade-2.0
configure:19577: result: yes
configure:19581: checking GNOME_CFLAGS
configure:19584: result: -DORBIT2=1 -pthread -DXTHREADS -I/usr/include/libgnomeui-2.0 -I/usr/include/libgnome-2.0 -I/usr/include/libgnomecanvas-2.0 -I/usr/include/gtk-2.0 -I/usr/include/libart-2.0 -I/usr/include/gconf/2 -I/usr/include/libbonoboui-2.0 -I/usr/include/glib-2.0 -I/usr/lib/glib-2.0/include -I/usr/include/orbit-2.0 -I/usr/include/libbonobo-2.0 -I/usr/include/gnome-vfs-2.0 -I/usr/lib/gnome-vfs-2.0/include -I/usr/include/bonobo-activation-2.0 -I/usr/include/pango-1.0 -I/usr/include/freetype2 -I/usr/lib/gtk-2.0/include -I/usr/X11R6/include -I/usr/include/atk-1.0 -I/usr/include/libxml2 -I/usr/include/libglade-2.0  
configure:19587: checking GNOME_LIBS
configure:19590: result: -Wl,--export-dynamic -pthread -L/usr/X11R6/lib -lgnomeui-2 -lSM -lICE -lbonoboui-2 -lgnomecanvas-2 -lgnome-2 -lpopt -lart_lgpl_2 -lpangoft2-1.0 -lgnomevfs-2 -lbonobo-2 -lgconf-2 -lbonobo-activation -lORBit-2 -lgthread-2.0 -lglade-2.0 -lgtk-x11-2.0 -lxml2 -lpthread -lz -lgdk-x11-2.0 -latk-1.0 -lgdk_pixbuf-2.0 -lm -lpangoxft-1.0 -lpangox-1.0 -lpango-1.0 -lgobject-2.0 -lgmodule-2.0 -ldl -lglib-2.0  
configure:19668: checking for ranlib
configure:19695: result: ranlib
configure:19707: checking for an ANSI C-conforming const
configure:19774: gcc -c   conftest.c >&5
configure:19780: $? = 0
configure:19783: test -z 			 || test ! -s conftest.err
configure:19786: $? = 0
configure:19789: test -s conftest.o
configure:19792: $? = 0
configure:19803: result: yes
configure:19813: checking for inline
configure:19834: gcc -c   conftest.c >&5
configure:19840: $? = 0
configure:19843: test -z 			 || test ! -s conftest.err
configure:19846: $? = 0
configure:19849: test -s conftest.o
configure:19852: $? = 0
configure:19864: result: inline
configure:19883: checking for off_t
configure:19907: gcc -c   conftest.c >&5
configure:19913: $? = 0
configure:19916: test -z 			 || test ! -s conftest.err
configure:19919: $? = 0
configure:19922: test -s conftest.o
configure:19925: $? = 0
configure:19936: result: yes
configure:19948: checking for size_t
configure:19972: gcc -c   conftest.c >&5
configure:19978: $? = 0
configure:19981: test -z 			 || test ! -s conftest.err
configure:19984: $? = 0
configure:19987: test -s conftest.o
configure:19990: $? = 0
configure:20001: result: yes
configure:20015: checking for working alloca.h
configure:20036: gcc -o conftest    conftest.c  >&5
configure:20042: $? = 0
configure:20045: test -z 			 || test ! -s conftest.err
configure:20048: $? = 0
configure:20051: test -s conftest
configure:20054: $? = 0
configure:20066: result: yes
configure:20076: checking for alloca
configure:20117: gcc -o conftest    conftest.c  >&5
configure:20123: $? = 0
configure:20126: test -z 			 || test ! -s conftest.err
configure:20129: $? = 0
configure:20132: test -s conftest
configure:20135: $? = 0
configure:20147: result: yes
configure:20375: checking for stdlib.h
configure:20380: result: yes
configure:20375: checking for unistd.h
configure:20380: result: yes
configure:20523: checking for getpagesize
configure:20580: gcc -o conftest    conftest.c  >&5
configure:20586: $? = 0
configure:20589: test -z 			 || test ! -s conftest.err
configure:20592: $? = 0
configure:20595: test -s conftest
configure:20598: $? = 0
configure:20610: result: yes
configure:20620: checking for working mmap
configure:20762: gcc -o conftest    conftest.c  >&5
configure:20765: $? = 0
configure:20767: ./conftest
configure:20770: $? = 0
configure:20784: result: yes
configure:20796: checking whether we are using the GNU C Library 2.1 or newer
configure:20827: result: yes
configure:20858: checking argz.h usability
configure:20870: gcc -c   conftest.c >&5
configure:20876: $? = 0
configure:20879: test -z 			 || test ! -s conftest.err
configure:20882: $? = 0
configure:20885: test -s conftest.o
configure:20888: $? = 0
configure:20898: result: yes
configure:20902: checking argz.h presence
configure:20912: gcc -E  conftest.c
configure:20918: $? = 0
configure:20938: result: yes
configure:20973: checking for argz.h
configure:20980: result: yes
configure:20858: checking limits.h usability
configure:20870: gcc -c   conftest.c >&5
configure:20876: $? = 0
configure:20879: test -z 			 || test ! -s conftest.err
configure:20882: $? = 0
configure:20885: test -s conftest.o
configure:20888: $? = 0
configure:20898: result: yes
configure:20902: checking limits.h presence
configure:20912: gcc -E  conftest.c
configure:20918: $? = 0
configure:20938: result: yes
configure:20973: checking for limits.h
configure:20980: result: yes
configure:20858: checking locale.h usability
configure:20870: gcc -c   conftest.c >&5
configure:20876: $? = 0
configure:20879: test -z 			 || test ! -s conftest.err
configure:20882: $? = 0
configure:20885: test -s conftest.o
configure:20888: $? = 0
configure:20898: result: yes
configure:20902: checking locale.h presence
configure:20912: gcc -E  conftest.c
configure:20918: $? = 0
configure:20938: result: yes
configure:20973: checking for locale.h
configure:20980: result: yes
configure:20858: checking nl_types.h usability
configure:20870: gcc -c   conftest.c >&5
configure:20876: $? = 0
configure:20879: test -z 			 || test ! -s conftest.err
configure:20882: $? = 0
configure:20885: test -s conftest.o
configure:20888: $? = 0
configure:20898: result: yes
configure:20902: checking nl_types.h presence
configure:20912: gcc -E  conftest.c
configure:20918: $? = 0
configure:20938: result: yes
configure:20973: checking for nl_types.h
configure:20980: result: yes
configure:20858: checking malloc.h usability
configure:20870: gcc -c   conftest.c >&5
configure:20876: $? = 0
configure:20879: test -z 			 || test ! -s conftest.err
configure:20882: $? = 0
configure:20885: test -s conftest.o
configure:20888: $? = 0
configure:20898: result: yes
configure:20902: checking malloc.h presence
configure:20912: gcc -E  conftest.c
configure:20918: $? = 0
configure:20938: result: yes
configure:20973: checking for malloc.h
configure:20980: result: yes
configure:20858: checking stddef.h usability
configure:20870: gcc -c   conftest.c >&5
configure:20876: $? = 0
configure:20879: test -z 			 || test ! -s conftest.err
configure:20882: $? = 0
configure:20885: test -s conftest.o
configure:20888: $? = 0
configure:20898: result: yes
configure:20902: checking stddef.h presence
configure:20912: gcc -E  conftest.c
configure:20918: $? = 0
configure:20938: result: yes
configure:20973: checking for stddef.h
configure:20980: result: yes
configure:20849: checking for stdlib.h
configure:20854: result: yes
configure:20849: checking for string.h
configure:20854: result: yes
configure:20849: checking for unistd.h
configure:20854: result: yes
configure:20858: checking sys/param.h usability
configure:20870: gcc -c   conftest.c >&5
configure:20876: $? = 0
configure:20879: test -z 			 || test ! -s conftest.err
configure:20882: $? = 0
configure:20885: test -s conftest.o
configure:20888: $? = 0
configure:20898: result: yes
configure:20902: checking sys/param.h presence
configure:20912: gcc -E  conftest.c
configure:20918: $? = 0
configure:20938: result: yes
configure:20973: checking for sys/param.h
configure:20980: result: yes
configure:21019: checking for feof_unlocked
configure:21076: gcc -o conftest    conftest.c  >&5
configure:21082: $? = 0
configure:21085: test -z 			 || test ! -s conftest.err
configure:21088: $? = 0
configure:21091: test -s conftest
configure:21094: $? = 0
configure:21106: result: yes
configure:21019: checking for fgets_unlocked
configure:21076: gcc -o conftest    conftest.c  >&5
configure:21082: $? = 0
configure:21085: test -z 			 || test ! -s conftest.err
configure:21088: $? = 0
configure:21091: test -s conftest
configure:21094: $? = 0
configure:21106: result: yes
configure:21019: checking for getcwd
configure:21076: gcc -o conftest    conftest.c  >&5
configure:21082: $? = 0
configure:21085: test -z 			 || test ! -s conftest.err
configure:21088: $? = 0
configure:21091: test -s conftest
configure:21094: $? = 0
configure:21106: result: yes
configure:21019: checking for getegid
configure:21076: gcc -o conftest    conftest.c  >&5
configure:21082: $? = 0
configure:21085: test -z 			 || test ! -s conftest.err
configure:21088: $? = 0
configure:21091: test -s conftest
configure:21094: $? = 0
configure:21106: result: yes
configure:21019: checking for geteuid
configure:21076: gcc -o conftest    conftest.c  >&5
configure:21082: $? = 0
configure:21085: test -z 			 || test ! -s conftest.err
configure:21088: $? = 0
configure:21091: test -s conftest
configure:21094: $? = 0
configure:21106: result: yes
configure:21019: checking for getgid
configure:21076: gcc -o conftest    conftest.c  >&5
configure:21082: $? = 0
configure:21085: test -z 			 || test ! -s conftest.err
configure:21088: $? = 0
configure:21091: test -s conftest
configure:21094: $? = 0
configure:21106: result: yes
configure:21019: checking for getuid
configure:21076: gcc -o conftest    conftest.c  >&5
configure:21082: $? = 0
configure:21085: test -z 			 || test ! -s conftest.err
configure:21088: $? = 0
configure:21091: test -s conftest
configure:21094: $? = 0
configure:21106: result: yes
configure:21019: checking for mempcpy
configure:21076: gcc -o conftest    conftest.c  >&5
configure:21082: $? = 0
configure:21085: test -z 			 || test ! -s conftest.err
configure:21088: $? = 0
configure:21091: test -s conftest
configure:21094: $? = 0
configure:21106: result: yes
configure:21019: checking for munmap
configure:21076: gcc -o conftest    conftest.c  >&5
configure:21082: $? = 0
configure:21085: test -z 			 || test ! -s conftest.err
configure:21088: $? = 0
configure:21091: test -s conftest
configure:21094: $? = 0
configure:21106: result: yes
configure:21019: checking for putenv
configure:21076: gcc -o conftest    conftest.c  >&5
configure:21082: $? = 0
configure:21085: test -z 			 || test ! -s conftest.err
configure:21088: $? = 0
configure:21091: test -s conftest
configure:21094: $? = 0
configure:21106: result: yes
configure:21019: checking for setenv
configure:21076: gcc -o conftest    conftest.c  >&5
configure:21082: $? = 0
configure:21085: test -z 			 || test ! -s conftest.err
configure:21088: $? = 0
configure:21091: test -s conftest
configure:21094: $? = 0
configure:21106: result: yes
configure:21019: checking for setlocale
configure:21076: gcc -o conftest    conftest.c  >&5
configure:21082: $? = 0
configure:21085: test -z 			 || test ! -s conftest.err
configure:21088: $? = 0
configure:21091: test -s conftest
configure:21094: $? = 0
configure:21106: result: yes
configure:21019: checking for stpcpy
configure:21076: gcc -o conftest    conftest.c  >&5
configure:21082: $? = 0
configure:21085: test -z 			 || test ! -s conftest.err
configure:21088: $? = 0
configure:21091: test -s conftest
configure:21094: $? = 0
configure:21106: result: yes
configure:21019: checking for strchr
configure:21076: gcc -o conftest    conftest.c  >&5
conftest.c:79: warning: conflicting types for built-in function `strchr'
configure:21082: $? = 0
configure:21085: test -z 			 || test ! -s conftest.err
configure:21088: $? = 0
configure:21091: test -s conftest
configure:21094: $? = 0
configure:21106: result: yes
configure:21019: checking for strcasecmp
configure:21076: gcc -o conftest    conftest.c  >&5
configure:21082: $? = 0
configure:21085: test -z 			 || test ! -s conftest.err
configure:21088: $? = 0
configure:21091: test -s conftest
configure:21094: $? = 0
configure:21106: result: yes
configure:21019: checking for strdup
configure:21076: gcc -o conftest    conftest.c  >&5
configure:21082: $? = 0
configure:21085: test -z 			 || test ! -s conftest.err
configure:21088: $? = 0
configure:21091: test -s conftest
configure:21094: $? = 0
configure:21106: result: yes
configure:21019: checking for strtoul
configure:21076: gcc -o conftest    conftest.c  >&5
configure:21082: $? = 0
configure:21085: test -z 			 || test ! -s conftest.err
configure:21088: $? = 0
configure:21091: test -s conftest
configure:21094: $? = 0
configure:21106: result: yes
configure:21019: checking for tsearch
configure:21076: gcc -o conftest    conftest.c  >&5
configure:21082: $? = 0
configure:21085: test -z 			 || test ! -s conftest.err
configure:21088: $? = 0
configure:21091: test -s conftest
configure:21094: $? = 0
configure:21106: result: yes
configure:21019: checking for __argz_count
configure:21076: gcc -o conftest    conftest.c  >&5
configure:21082: $? = 0
configure:21085: test -z 			 || test ! -s conftest.err
configure:21088: $? = 0
configure:21091: test -s conftest
configure:21094: $? = 0
configure:21106: result: yes
configure:21019: checking for __argz_stringify
configure:21076: gcc -o conftest    conftest.c  >&5
configure:21082: $? = 0
configure:21085: test -z 			 || test ! -s conftest.err
configure:21088: $? = 0
configure:21091: test -s conftest
configure:21094: $? = 0
configure:21106: result: yes
configure:21019: checking for __argz_next
configure:21076: gcc -o conftest    conftest.c  >&5
configure:21082: $? = 0
configure:21085: test -z 			 || test ! -s conftest.err
configure:21088: $? = 0
configure:21091: test -s conftest
configure:21094: $? = 0
configure:21106: result: yes
configure:21131: checking for iconv
configure:21158: gcc -o conftest    conftest.c  >&5
configure:21164: $? = 0
configure:21167: test -z 			 || test ! -s conftest.err
configure:21170: $? = 0
configure:21173: test -s conftest
configure:21176: $? = 0
configure:21241: result: yes
configure:21249: checking for iconv declaration
configure:21283: gcc -c   conftest.c >&5
configure:21289: $? = 0
configure:21292: test -z 			 || test ! -s conftest.err
configure:21295: $? = 0
configure:21298: test -s conftest.o
configure:21301: $? = 0
configure:21316: result: 
         extern size_t iconv (iconv_t cd, char * *inbuf, size_t *inbytesleft, char * *outbuf, size_t *outbytesleft);
configure:21332: checking for nl_langinfo and CODESET
configure:21353: gcc -o conftest    conftest.c  >&5
configure:21359: $? = 0
configure:21362: test -z 			 || test ! -s conftest.err
configure:21365: $? = 0
configure:21368: test -s conftest
configure:21371: $? = 0
configure:21384: result: yes
configure:21395: checking for LC_MESSAGES
configure:21416: gcc -o conftest    conftest.c  >&5
configure:21422: $? = 0
configure:21425: test -z 			 || test ! -s conftest.err
configure:21428: $? = 0
configure:21431: test -s conftest
configure:21434: $? = 0
configure:21446: result: yes
configure:21456: checking whether NLS is requested
configure:21465: result: yes
configure:21479: checking whether included gettext is requested
configure:21489: result: no
configure:21509: checking libintl.h usability
configure:21521: gcc -c   conftest.c >&5
configure:21527: $? = 0
configure:21530: test -z 			 || test ! -s conftest.err
configure:21533: $? = 0
configure:21536: test -s conftest.o
configure:21539: $? = 0
configure:21549: result: yes
configure:21553: checking libintl.h presence
configure:21563: gcc -E  conftest.c
configure:21569: $? = 0
configure:21589: result: yes
configure:21624: checking for libintl.h
configure:21631: result: yes
configure:21636: checking for GNU gettext in libc
configure:21659: gcc -o conftest    conftest.c  >&5
configure:21665: $? = 0
configure:21668: test -z 			 || test ! -s conftest.err
configure:21671: $? = 0
configure:21674: test -s conftest
configure:21677: $? = 0
configure:21689: result: yes
configure:21772: checking for dcgettext
configure:21829: gcc -o conftest    conftest.c   >&5
configure:21835: $? = 0
configure:21838: test -z 			 || test ! -s conftest.err
configure:21841: $? = 0
configure:21844: test -s conftest
configure:21847: $? = 0
configure:21859: result: yes
configure:21873: checking for msgfmt
configure:21900: result: /usr/bin/msgfmt
configure:21909: checking for gmsgfmt
configure:21940: result: /usr/bin/msgfmt
configure:21950: checking for xgettext
configure:21977: result: /usr/bin/xgettext
configure:22153: checking for bison
configure:22169: found /usr/bin/bison
configure:22179: result: bison
configure:22192: checking version of bison
configure:22201: result: 1.875, ok
configure:22457: creating ./config.status

## ---------------------- ##
## Running config.status. ##
## ---------------------- ##

This file was extended by config.status, which was
generated by GNU Autoconf 2.59.  Invocation command line was

  CONFIG_FILES    = 
  CONFIG_HEADERS  = 
  CONFIG_LINKS    = 
  CONFIG_COMMANDS = 
  $ ./config.status 

on maquinorro

config.status:776: creating Makefile
config.status:776: creating intl/Makefile
config.status:776: creating po/Makefile.in
config.status:776: creating macros/Makefile
config.status:776: creating src/Makefile
config.status:776: creating pixmaps/Makefile
config.status:776: creating gtk-debtools.desktop
config.status:842: creating config.h
config.status:1230: executing default-1 commands
config.status:1230: executing default-2 commands

## ---------------- ##
## Cache variables. ##
## ---------------- ##

ac_cv_build=i686-pc-linux-gnu
ac_cv_build_alias=i686-pc-linux-gnu
ac_cv_c_compiler_gnu=yes
ac_cv_c_const=yes
ac_cv_c_inline=inline
ac_cv_cxx_compiler_gnu=yes
ac_cv_env_CC_set=
ac_cv_env_CC_value=
ac_cv_env_CFLAGS_set=
ac_cv_env_CFLAGS_value=
ac_cv_env_CPPFLAGS_set=
ac_cv_env_CPPFLAGS_value=
ac_cv_env_CPP_set=
ac_cv_env_CPP_value=
ac_cv_env_CXXCPP_set=
ac_cv_env_CXXCPP_value=
ac_cv_env_CXXFLAGS_set=
ac_cv_env_CXXFLAGS_value=
ac_cv_env_CXX_set=
ac_cv_env_CXX_value=
ac_cv_env_F77_set=
ac_cv_env_F77_value=
ac_cv_env_FFLAGS_set=
ac_cv_env_FFLAGS_value=
ac_cv_env_LDFLAGS_set=
ac_cv_env_LDFLAGS_value=
ac_cv_env_build_alias_set=
ac_cv_env_build_alias_value=
ac_cv_env_host_alias_set=
ac_cv_env_host_alias_value=
ac_cv_env_target_alias_set=
ac_cv_env_target_alias_value=
ac_cv_exeext=
ac_cv_f77_compiler_gnu=no
ac_cv_func___argz_count=yes
ac_cv_func___argz_next=yes
ac_cv_func___argz_stringify=yes
ac_cv_func_alloca_works=yes
ac_cv_func_dcgettext=yes
ac_cv_func_feof_unlocked=yes
ac_cv_func_fgets_unlocked=yes
ac_cv_func_getcwd=yes
ac_cv_func_getegid=yes
ac_cv_func_geteuid=yes
ac_cv_func_getgid=yes
ac_cv_func_getpagesize=yes
ac_cv_func_getuid=yes
ac_cv_func_mempcpy=yes
ac_cv_func_mmap_fixed_mapped=yes
ac_cv_func_munmap=yes
ac_cv_func_putenv=yes
ac_cv_func_setenv=yes
ac_cv_func_setlocale=yes
ac_cv_func_stpcpy=yes
ac_cv_func_strcasecmp=yes
ac_cv_func_strchr=yes
ac_cv_func_strdup=yes
ac_cv_func_strtoul=yes
ac_cv_func_tsearch=yes
ac_cv_gnu_library_2_1=yes
ac_cv_header_argz_h=yes
ac_cv_header_dlfcn_h=yes
ac_cv_header_inttypes_h=yes
ac_cv_header_libintl_h=yes
ac_cv_header_limits_h=yes
ac_cv_header_locale_h=yes
ac_cv_header_malloc_h=yes
ac_cv_header_memory_h=yes
ac_cv_header_nl_types_h=yes
ac_cv_header_stdc=yes
ac_cv_header_stddef_h=yes
ac_cv_header_stdint_h=yes
ac_cv_header_stdlib_h=yes
ac_cv_header_string_h=yes
ac_cv_header_strings_h=yes
ac_cv_header_sys_param_h=yes
ac_cv_header_sys_stat_h=yes
ac_cv_header_sys_types_h=yes
ac_cv_header_unistd_h=yes
ac_cv_host=i686-pc-linux-gnu
ac_cv_host_alias=i686-pc-linux-gnu
ac_cv_lib_cposix_strerror=no
ac_cv_objext=o
ac_cv_path_GMSGFMT=/usr/bin/msgfmt
ac_cv_path_MSGFMT=/usr/bin/msgfmt
ac_cv_path_PKG_CONFIG=/usr/bin/pkg-config
ac_cv_path_XGETTEXT=/usr/bin/xgettext
ac_cv_path_install='/usr/bin/install -c'
ac_cv_prog_CPP='gcc -E'
ac_cv_prog_CXXCPP='g++ -E'
ac_cv_prog_INTLBISON=bison
ac_cv_prog_ac_ct_AR=ar
ac_cv_prog_ac_ct_CC=gcc
ac_cv_prog_ac_ct_CXX=g++
ac_cv_prog_ac_ct_RANLIB=ranlib
ac_cv_prog_ac_ct_STRIP=strip
ac_cv_prog_cc_g=yes
ac_cv_prog_cc_stdc=
ac_cv_prog_cxx_g=yes
ac_cv_prog_egrep='grep -E'
ac_cv_prog_f77_g=no
ac_cv_prog_make_make_set=yes
ac_cv_type_off_t=yes
ac_cv_type_size_t=yes
ac_cv_working_alloca_h=yes
am_cv_func_iconv=yes
am_cv_langinfo_codeset=yes
am_cv_lib_iconv=no
am_cv_prog_cc_stdc=
am_cv_proto_iconv='extern size_t iconv (iconv_t cd, char * *inbuf, size_t *inbytesleft, char * *outbuf, size_t *outbytesleft);'
am_cv_proto_iconv_arg1=
am_cv_val_LC_MESSAGES=yes
gt_cv_func_gnugettext1_libc=yes
lt_cv_deplibs_check_method=pass_all
lt_cv_file_magic_cmd='$MAGIC_CMD'
lt_cv_file_magic_test_file=
lt_cv_ld_reload_flag=-r
lt_cv_objdir=.libs
lt_cv_path_LD=/usr/bin/ld
lt_cv_path_LDCXX=/usr/bin/ld
lt_cv_path_NM='/usr/bin/nm -B'
lt_cv_path_SED=/bin/sed
lt_cv_prog_compiler_c_o=yes
lt_cv_prog_compiler_c_o_CXX=yes
lt_cv_prog_compiler_rtti_exceptions=no
lt_cv_prog_gnu_ld=yes
lt_cv_prog_gnu_ldcxx=yes
lt_cv_sys_global_symbol_pipe='sed -n -e '\''s/^.*[ 	]\([ABCDGIRSTW][ABCDGIRSTW]*\)[ 	][ 	]*\(\)\([_A-Za-z][_A-Za-z0-9]*\)$/\1 \2\3 \3/p'\'''
lt_cv_sys_global_symbol_to_c_name_address='sed -n -e '\''s/^: \([^ ]*\) $/  {\"\1\", (lt_ptr) 0},/p'\'' -e '\''s/^[BCDEGRST] \([^ ]*\) \([^ ]*\)$/  {"\2", (lt_ptr) \&\2},/p'\'''
lt_cv_sys_global_symbol_to_cdecl='sed -n -e '\''s/^. .* \(.*\)$/extern int \1;/p'\'''
lt_cv_sys_max_cmd_len=32768
lt_lt_cv_prog_compiler_c_o='"yes"'
lt_lt_cv_prog_compiler_c_o_CXX='"yes"'
lt_lt_cv_sys_global_symbol_pipe='"sed -n -e '\''s/^.*[ 	]\\([ABCDGIRSTW][ABCDGIRSTW]*\\)[ 	][ 	]*\\(\\)\\([_A-Za-z][_A-Za-z0-9]*\\)\$/\\1 \\2\\3 \\3/p'\''"'
lt_lt_cv_sys_global_symbol_to_c_name_address='"sed -n -e '\''s/^: \\([^ ]*\\) \$/  {\\\"\\1\\\", (lt_ptr) 0},/p'\'' -e '\''s/^[BCDEGRST] \\([^ ]*\\) \\([^ ]*\\)\$/  {\"\\2\", (lt_ptr) \\&\\2},/p'\''"'
lt_lt_cv_sys_global_symbol_to_cdecl='"sed -n -e '\''s/^. .* \\(.*\\)\$/extern int \\1;/p'\''"'
nls_cv_force_use_gnu_gettext=no
nls_cv_header_intl=
nls_cv_header_libgt=
nls_cv_use_gnu_gettext=no

## ----------------- ##
## Output variables. ##
## ----------------- ##

ACLOCAL='aclocal-1.4'
ALLOCA=''
AR='ar'
AUTOCONF='autoconf'
AUTOHEADER='autoheader'
AUTOMAKE='automake-1.4'
BUILD_INCLUDED_LIBINTL='no'
CATALOGS=''
CATOBJEXT='.gmo'
CC='gcc'
CFLAGS=''
CPP='gcc -E'
CPPFLAGS=''
CXX='g++'
CXXCPP='g++ -E'
CXXFLAGS=''
DATADIRNAME='share'
DEFS='-DHAVE_CONFIG_H'
ECHO='echo'
ECHO_C=''
ECHO_N='-n'
ECHO_T=''
EGREP='grep -E'
EXEEXT=''
F77=''
FFLAGS=''
GENCAT='gencat'
GETTEXT_PACKAGE='gtk-debtools'
GLIBC21='yes'
GMOFILES=''
GMSGFMT='/usr/bin/msgfmt'
GNOME_CFLAGS='-DORBIT2=1 -pthread -DXTHREADS -I/usr/include/libgnomeui-2.0 -I/usr/include/libgnome-2.0 -I/usr/include/libgnomecanvas-2.0 -I/usr/include/gtk-2.0 -I/usr/include/libart-2.0 -I/usr/include/gconf/2 -I/usr/include/libbonoboui-2.0 -I/usr/include/glib-2.0 -I/usr/lib/glib-2.0/include -I/usr/include/orbit-2.0 -I/usr/include/libbonobo-2.0 -I/usr/include/gnome-vfs-2.0 -I/usr/lib/gnome-vfs-2.0/include -I/usr/include/bonobo-activation-2.0 -I/usr/include/pango-1.0 -I/usr/include/freetype2 -I/usr/lib/gtk-2.0/include -I/usr/X11R6/include -I/usr/include/atk-1.0 -I/usr/include/libxml2 -I/usr/include/libglade-2.0  '
GNOME_LIBS='-Wl,--export-dynamic -pthread -L/usr/X11R6/lib -lgnomeui-2 -lSM -lICE -lbonoboui-2 -lgnomecanvas-2 -lgnome-2 -lpopt -lart_lgpl_2 -lpangoft2-1.0 -lgnomevfs-2 -lbonobo-2 -lgconf-2 -lbonobo-activation -lORBit-2 -lgthread-2.0 -lglade-2.0 -lgtk-x11-2.0 -lxml2 -lpthread -lz -lgdk-x11-2.0 -latk-1.0 -lgdk_pixbuf-2.0 -lm -lpangoxft-1.0 -lpangox-1.0 -lpango-1.0 -lgobject-2.0 -lgmodule-2.0 -ldl -lglib-2.0  '
INSTALL_DATA='${INSTALL} -m 644'
INSTALL_PROGRAM='${INSTALL}'
INSTALL_SCRIPT='${INSTALL}'
INSTOBJEXT='.mo'
INTLBISON='bison'
INTLLIBS=''
INTLOBJS=''
INTL_LIBTOOL_SUFFIX_PREFIX=''
LDFLAGS=''
LIBICONV=''
LIBOBJS=''
LIBS=''
LIBTOOL='$(SHELL) $(top_builddir)/libtool'
LN_S='ln -s'
LTLIBOBJS=''
MAKEINFO='makeinfo'
MKINSTALLDIRS='./mkinstalldirs'
MSGFMT='/usr/bin/msgfmt'
NO_PREFIX_PACKAGE_DATA_DIR='share'
NO_PREFIX_PACKAGE_DOC_DIR='doc/gtk-debtools'
NO_PREFIX_PACKAGE_HELP_DIR='share/gnome/help/gtk-debtools'
NO_PREFIX_PACKAGE_MENU_DIR='share/gnome/apps'
NO_PREFIX_PACKAGE_PIXMAPS_DIR='share/pixmaps/gtk-debtools'
OBJEXT='o'
PACKAGE='gtk-debtools'
PACKAGE_BUGREPORT=''
PACKAGE_DATA_DIR='/usr/local/share'
PACKAGE_DOC_DIR='/usr/local/doc/gtk-debtools'
PACKAGE_HELP_DIR='/usr/local/share/gnome/help/gtk-debtools'
PACKAGE_MENU_DIR='/usr/local/share/gnome/apps'
PACKAGE_NAME=''
PACKAGE_PIXMAPS_DIR='/usr/local/share/pixmaps/gtk-debtools'
PACKAGE_STRING=''
PACKAGE_TARNAME=''
PACKAGE_VERSION=''
PATH_SEPARATOR=':'
PKG_CONFIG='/usr/bin/pkg-config'
POFILES=''
POSUB='po'
RANLIB='ranlib'
SET_MAKE=''
SHELL='/bin/sh'
STRIP='strip'
USE_INCLUDED_LIBINTL='no'
USE_NLS='yes'
VERSION='0.0'
XGETTEXT='/usr/bin/xgettext'
ac_ct_AR='ar'
ac_ct_CC='gcc'
ac_ct_CXX='g++'
ac_ct_F77=''
ac_ct_RANLIB='ranlib'
ac_ct_STRIP='strip'
bindir='${exec_prefix}/bin'
build='i686-pc-linux-gnu'
build_alias=''
build_cpu='i686'
build_os='linux-gnu'
build_vendor='pc'
datadir='${prefix}/share'
exec_prefix='${prefix}'
host='i686-pc-linux-gnu'
host_alias=''
host_cpu='i686'
host_os='linux-gnu'
host_vendor='pc'
includedir='${prefix}/include'
infodir='${prefix}/info'
libdir='${exec_prefix}/lib'
libexecdir='${exec_prefix}/libexec'
localstatedir='${prefix}/var'
mandir='${prefix}/man'
oldincludedir='/usr/include'
prefix='/usr/local'
program_transform_name='s,x,x,'
sbindir='${exec_prefix}/sbin'
sharedstatedir='${prefix}/com'
sysconfdir='${prefix}/etc'
target_alias=''

## ----------- ##
## confdefs.h. ##
## ----------- ##

#define ENABLE_NLS 1
#define GETTEXT_PACKAGE "gtk-debtools"
#define HAVE_ALLOCA 1
#define HAVE_ALLOCA_H 1
#define HAVE_ARGZ_H 1
#define HAVE_DCGETTEXT 1
#define HAVE_DLFCN_H 1
#define HAVE_FEOF_UNLOCKED 1
#define HAVE_FGETS_UNLOCKED 1
#define HAVE_GETCWD 1
#define HAVE_GETEGID 1
#define HAVE_GETEUID 1
#define HAVE_GETGID 1
#define HAVE_GETPAGESIZE 1
#define HAVE_GETTEXT 1
#define HAVE_GETUID 1
#define HAVE_ICONV 1
#define HAVE_INTTYPES_H 1
#define HAVE_LANGINFO_CODESET 1
#define HAVE_LC_MESSAGES 1
#define HAVE_LIMITS_H 1
#define HAVE_LOCALE_H 1
#define HAVE_MALLOC_H 1
#define HAVE_MEMORY_H 1
#define HAVE_MEMPCPY 1
#define HAVE_MMAP 1
#define HAVE_MUNMAP 1
#define HAVE_NL_TYPES_H 1
#define HAVE_PUTENV 1
#define HAVE_SETENV 1
#define HAVE_SETLOCALE 1
#define HAVE_STDDEF_H 1
#define HAVE_STDINT_H 1
#define HAVE_STDLIB_H 1
#define HAVE_STDLIB_H 1
#define HAVE_STDLIB_H 1
#define HAVE_STPCPY 1
#define HAVE_STRCASECMP 1
#define HAVE_STRCHR 1
#define HAVE_STRDUP 1
#define HAVE_STRINGS_H 1
#define HAVE_STRING_H 1
#define HAVE_STRING_H 1
#define HAVE_STRTOUL 1
#define HAVE_SYS_PARAM_H 1
#define HAVE_SYS_STAT_H 1
#define HAVE_SYS_TYPES_H 1
#define HAVE_TSEARCH 1
#define HAVE_UNISTD_H 1
#define HAVE_UNISTD_H 1
#define HAVE_UNISTD_H 1
#define HAVE___ARGZ_COUNT 1
#define HAVE___ARGZ_NEXT 1
#define HAVE___ARGZ_STRINGIFY 1
#define ICONV_CONST 
#define PACKAGE "gtk-debtools"
#define PACKAGE_BUGREPORT ""
#define PACKAGE_DATA_DIR "/usr/local/share"
#define PACKAGE_DOC_DIR "/usr/local/doc/gtk-debtools"
#define PACKAGE_HELP_DIR "/usr/local/share/gnome/help/gtk-debtools"
#define PACKAGE_LOCALE_DIR "/usr/local/share/locale"
#define PACKAGE_MENU_DIR "/usr/local/share/gnome/apps"
#define PACKAGE_NAME ""
#define PACKAGE_PIXMAPS_DIR "/usr/local/share/pixmaps/gtk-debtools"
#define PACKAGE_SOURCE_DIR "/home/josue/Projects/gtk-debtools"
#define PACKAGE_STRING ""
#define PACKAGE_TARNAME ""
#define PACKAGE_VERSION ""
#define STDC_HEADERS 1
#define VERSION "0.0"
#endif
#ifdef __cplusplus
extern "C" void std::exit (int) throw (); using std::exit;

configure: exit 0

## ---------------------- ##
## Running config.status. ##
## ---------------------- ##

This file was extended by config.status, which was
generated by GNU Autoconf 2.59.  Invocation command line was

  CONFIG_FILES    = src/Makefile
  CONFIG_HEADERS  = 
  CONFIG_LINKS    = 
  CONFIG_COMMANDS = 
  $ ./config.status 

on maquinorro

config.status:776: creating src/Makefile
config.status:1230: executing default-1 commands
config.status:1230: executing default-2 commands

## ---------------------- ##
## Running config.status. ##
## ---------------------- ##

This file was extended by config.status, which was
generated by GNU Autoconf 2.59.  Invocation command line was

  CONFIG_FILES    = src/Makefile
  CONFIG_HEADERS  = 
  CONFIG_LINKS    = 
  CONFIG_COMMANDS = 
  $ ./config.status 

on maquinorro

config.status:776: creating src/Makefile
config.status:1230: executing default-1 commands
config.status:1230: executing default-2 commands
